Started on Dec 21, 2023, 3:48:21 PM
Started by event from 140.82.115.108 ⇒ http://13.232.185.47:8080/github-webhook/ on Thu Dec 21 15:48:21 UTC 2023
Using strategy: Default
[poll] Last Built Revision: Revision 88f1023daea50d9aa5086b0c33d56fbcb81e9400 (refs/remotes/origin/main)
Selected Git installation does not exist. Using Default
The recommended git tool is: NONE
using credential githubrahulmathod59
 > git --version # timeout=10
 > git --version # 'git version 2.39.2'
using GIT_ASKPASS to set credentials githubrahulmathod59
 > git ls-remote -h -- https://github.com/rahulmathod59/poc-nx-dev-ops.git # timeout=10
Found 1 remote heads on https://github.com/rahulmathod59/poc-nx-dev-ops.git
[poll] Latest remote head revision on refs/heads/main is: 659af941eec618151537435d86ee162728b1fa77
Using strategy: Default
[poll] Last Built Revision: Revision 88f1023daea50d9aa5086b0c33d56fbcb81e9400 (refs/remotes/origin/main)
Selected Git installation does not exist. Using Default
The recommended git tool is: NONE
using credential githubrahulmathod59
 > git --version # timeout=10
 > git --version # 'git version 2.39.2'
using GIT_ASKPASS to set credentials githubrahulmathod59
 > git ls-remote -h -- https://github.com/rahulmathod59/poc-nx-dev-ops.git # timeout=10
Found 1 remote heads on https://github.com/rahulmathod59/poc-nx-dev-ops.git
[poll] Latest remote head revision on refs/heads/main is: 659af941eec618151537435d86ee162728b1fa77
Done. Took 2 sec
Changes found
