Started on Dec 21, 2023, 4:09:37 PM
Started by event from 140.82.115.113 ⇒ http://13.232.185.47:8080/github-webhook/ on Thu Dec 21 16:09:37 UTC 2023
Using strategy: Default
[poll] Last Built Revision: Revision 659af941eec618151537435d86ee162728b1fa77 (refs/remotes/origin/main)
Selected Git installation does not exist. Using Default
The recommended git tool is: NONE
using credential githubrahulmathod59
 > git --version # timeout=10
 > git --version # 'git version 2.39.2'
using GIT_ASKPASS to set credentials githubrahulmathod59
 > git ls-remote -h -- https://github.com/rahulmathod59/poc-nx-dev-ops.git # timeout=10
Found 1 remote heads on https://github.com/rahulmathod59/poc-nx-dev-ops.git
[poll] Latest remote head revision on refs/heads/main is: 9f93dc32441ed251c8b2ef45b990f0e7f14b9705
Using strategy: Default
[poll] Last Built Revision: Revision 659af941eec618151537435d86ee162728b1fa77 (refs/remotes/origin/main)
Selected Git installation does not exist. Using Default
The recommended git tool is: NONE
using credential githubrahulmathod59
 > git --version # timeout=10
 > git --version # 'git version 2.39.2'
using GIT_ASKPASS to set credentials githubrahulmathod59
 > git ls-remote -h -- https://github.com/rahulmathod59/poc-nx-dev-ops.git # timeout=10
Found 1 remote heads on https://github.com/rahulmathod59/poc-nx-dev-ops.git
[poll] Latest remote head revision on refs/heads/main is: 9f93dc32441ed251c8b2ef45b990f0e7f14b9705
Done. Took 1.7 sec
Changes found
