Started on Dec 20, 2023, 6:18:19 PM
Started by event from 140.82.115.27 ⇒ http://13.232.185.47:8080/github-webhook/ on Wed Dec 20 18:18:19 UTC 2023
Using strategy: Default
[poll] Last Built Revision: Revision 4741d4e15b1f31ec43dd23c91d31e45f3276f635 (refs/remotes/origin/main)
Selected Git installation does not exist. Using Default
The recommended git tool is: NONE
using credential githubrahulmathod59
 > git --version # timeout=10
 > git --version # 'git version 2.39.2'
using GIT_ASKPASS to set credentials githubrahulmathod59
 > git ls-remote -h -- https://github.com/rahulmathod59/jenkins.git # timeout=10
Found 1 remote heads on https://github.com/rahulmathod59/jenkins.git
[poll] Latest remote head revision on refs/heads/main is: 51bd711bd1bc945922af59f4dc6924615b920616
Using strategy: Default
[poll] Last Built Revision: Revision 4741d4e15b1f31ec43dd23c91d31e45f3276f635 (refs/remotes/origin/main)
Selected Git installation does not exist. Using Default
The recommended git tool is: NONE
using credential githubrahulmathod59
 > git --version # timeout=10
 > git --version # 'git version 2.39.2'
using GIT_ASKPASS to set credentials githubrahulmathod59
 > git ls-remote -h -- https://github.com/rahulmathod59/jenkins.git # timeout=10
Found 1 remote heads on https://github.com/rahulmathod59/jenkins.git
[poll] Latest remote head revision on refs/heads/main is: 51bd711bd1bc945922af59f4dc6924615b920616
Done. Took 1.2 sec
Changes found
