Started on Dec 22, 2023, 4:42:43 PM
Started by event from 140.82.115.250 ⇒ http://13.126.174.34:8080/github-webhook/ on Fri Dec 22 16:42:43 UTC 2023
Using strategy: Default
[poll] Last Built Revision: Revision 0f5698ac890ef174fde8c9e7f29d6fdee150c3c1 (refs/remotes/origin/main)
Selected Git installation does not exist. Using Default
The recommended git tool is: NONE
using credential githubrahulmathod59
 > git --version # timeout=10
 > git --version # 'git version 2.39.2'
using GIT_ASKPASS to set credentials githubrahulmathod59
 > git ls-remote -h -- https://github.com/rahulmathod59/poc-nx-dev-ops.git # timeout=10
Found 2 remote heads on https://github.com/rahulmathod59/poc-nx-dev-ops.git
[poll] Latest remote head revision on refs/heads/main is: 15bd42b11e88df942e2282b97bcebb1f5258dd33
Using strategy: Default
[poll] Last Built Revision: Revision 0f5698ac890ef174fde8c9e7f29d6fdee150c3c1 (refs/remotes/origin/main)
Selected Git installation does not exist. Using Default
The recommended git tool is: NONE
using credential githubrahulmathod59
 > git --version # timeout=10
 > git --version # 'git version 2.39.2'
using GIT_ASKPASS to set credentials githubrahulmathod59
 > git ls-remote -h -- https://github.com/rahulmathod59/poc-nx-dev-ops.git # timeout=10
Found 2 remote heads on https://github.com/rahulmathod59/poc-nx-dev-ops.git
[poll] Latest remote head revision on refs/heads/main is: 15bd42b11e88df942e2282b97bcebb1f5258dd33
Using strategy: Default
[poll] Last Built Revision: Revision 0f5698ac890ef174fde8c9e7f29d6fdee150c3c1 (refs/remotes/origin/main)
Selected Git installation does not exist. Using Default
The recommended git tool is: NONE
using credential githubrahulmathod59
 > git --version # timeout=10
 > git --version # 'git version 2.39.2'
using GIT_ASKPASS to set credentials githubrahulmathod59
 > git ls-remote -h -- https://github.com/rahulmathod59/poc-nx-dev-ops.git # timeout=10
Found 2 remote heads on https://github.com/rahulmathod59/poc-nx-dev-ops.git
[poll] Latest remote head revision on refs/heads/main is: 15bd42b11e88df942e2282b97bcebb1f5258dd33
Done. Took 2.5 sec
Changes found
