Started on Dec 22, 2023, 3:25:14 PM
Started by event from 140.82.115.247 ⇒ http://13.126.174.34:8080/github-webhook/ on Fri Dec 22 15:25:14 UTC 2023
Using strategy: Default
[poll] Last Built Revision: Revision 9f93dc32441ed251c8b2ef45b990f0e7f14b9705 (refs/remotes/origin/main)
Selected Git installation does not exist. Using Default
The recommended git tool is: NONE
using credential githubrahulmathod59
 > git --version # timeout=10
 > git --version # 'git version 2.39.2'
using GIT_ASKPASS to set credentials githubrahulmathod59
 > git ls-remote -h -- https://github.com/rahulmathod59/poc-nx-dev-ops.git # timeout=10
Found 1 remote heads on https://github.com/rahulmathod59/poc-nx-dev-ops.git
[poll] Latest remote head revision on refs/heads/main is: e84e720d8c809073204e2a626162ced8c9c7e84c
Using strategy: Default
[poll] Last Built Revision: Revision 9f93dc32441ed251c8b2ef45b990f0e7f14b9705 (refs/remotes/origin/main)
Selected Git installation does not exist. Using Default
The recommended git tool is: NONE
using credential githubrahulmathod59
 > git --version # timeout=10
 > git --version # 'git version 2.39.2'
using GIT_ASKPASS to set credentials githubrahulmathod59
 > git ls-remote -h -- https://github.com/rahulmathod59/poc-nx-dev-ops.git # timeout=10
Found 1 remote heads on https://github.com/rahulmathod59/poc-nx-dev-ops.git
[poll] Latest remote head revision on refs/heads/main is: e84e720d8c809073204e2a626162ced8c9c7e84c
Done. Took 1.6 sec
Changes found
