Started at Tue Jan 02 10:02:58 UTC 2024
Processing ecr
Offering ecr to Project Build Discarder
Processing git
Offering git to Project Build Discarder
Processing new
Offering new to Project Build Discarder
Processing poc
Offering poc to Project Build Discarder
Processing pocnew
Offering pocnew to Project Build Discarder
Finished at Tue Jan 02 10:02:58 UTC 2024. 9ms
Started at Tue Jan 02 11:02:58 UTC 2024
Processing ecr
Offering ecr to Project Build Discarder
Processing git
Offering git to Project Build Discarder
Processing new
Offering new to Project Build Discarder
Processing poc
Offering poc to Project Build Discarder
Processing pocnew
Offering pocnew to Project Build Discarder
Finished at Tue Jan 02 11:02:58 UTC 2024. 2ms
Started at Tue Jan 02 12:02:58 UTC 2024
Processing ecr
Offering ecr to Project Build Discarder
Processing git
Offering git to Project Build Discarder
Processing new
Offering new to Project Build Discarder
Processing poc
Offering poc to Project Build Discarder
Processing pocnew
Offering pocnew to Project Build Discarder
Finished at Tue Jan 02 12:02:58 UTC 2024. 1ms
Started at Tue Jan 02 13:02:58 UTC 2024
Processing ecr
Offering ecr to Project Build Discarder
Processing git
Offering git to Project Build Discarder
Processing new
Offering new to Project Build Discarder
Processing poc
Offering poc to Project Build Discarder
Processing pocnew
Offering pocnew to Project Build Discarder
Finished at Tue Jan 02 13:02:58 UTC 2024. 1ms
Started at Tue Jan 02 14:02:58 UTC 2024
Processing ecr
Offering ecr to Project Build Discarder
Processing git
Offering git to Project Build Discarder
Processing new
Offering new to Project Build Discarder
Processing poc
Offering poc to Project Build Discarder
Processing pocnew
Offering pocnew to Project Build Discarder
Finished at Tue Jan 02 14:02:58 UTC 2024. 1ms
Started at Tue Jan 02 15:02:58 UTC 2024
Processing ecr
Offering ecr to Project Build Discarder
Processing git
Offering git to Project Build Discarder
Processing new
Offering new to Project Build Discarder
Processing poc
Offering poc to Project Build Discarder
Processing pocnew
Offering pocnew to Project Build Discarder
Finished at Tue Jan 02 15:02:58 UTC 2024. 1ms
Started at Tue Jan 02 16:02:58 UTC 2024
Processing ecr
Offering ecr to Project Build Discarder
Processing git
Offering git to Project Build Discarder
Processing new
Offering new to Project Build Discarder
Processing poc
Offering poc to Project Build Discarder
Processing pocnew
Offering pocnew to Project Build Discarder
Finished at Tue Jan 02 16:02:58 UTC 2024. 5ms
